app/build/intermediates/manifest_merge_blame_file/debug/manifest-merger-blame-debug-report.txt
1<?xml version="1.0" encoding="utf-8"?>
2<manifest xmlns:android="http://schemas.android.com/apk/res/android"
3    package="ru.samsung.itschool.book.cells" >
4
5    <uses-sdk
6        android:minSdkVersion="24"
6-->src\main\AndroidManifest.xml
7        android:targetSdkVersion="30" />
7-->src\main\AndroidManifest.xml
8
9    <application
9-->src\main\AndroidManifest.xml:5:5-31:19
10        android:allowBackup="true"
10-->src\main\AndroidManifest.xml:6:9-35
11        android:appComponentFactory="androidx.core.app.CoreComponentFactory"
11-->[androidx.core:core:1.0.1] AndroidManifest.xml:22:18-86
12        android:debuggable="true"
13        android:extractNativeLibs="false"
14        android:icon="@drawable/ic_launcher"
14-->src\main\AndroidManifest.xml:7:9-45
15        android:label="@string/app_name"
15-->src\main\AndroidManifest.xml:8:9-41
16        android:testOnly="true"
17        android:theme="@style/AppTheme" >
17-->src\main\AndroidManifest.xml:9:9-40
18        <activity
18-->src\main\AndroidManifest.xml:10:9-22:20
19            android:name="com.example.sapper.SapperMain"
19-->src\main\AndroidManifest.xml:11:13-39
20            android:screenOrientation="portrait"
20-->src\main\AndroidManifest.xml:13:13-49
21            android:theme="@android:style/Theme.NoTitleBar" >
21-->src\main\AndroidManifest.xml:12:13-60
22            <intent-filter>
22-->src\main\AndroidManifest.xml:16:13-20:29
23                <action android:name="android.intent.action.MAIN" />
23-->src\main\AndroidManifest.xml:17:17-69
23-->src\main\AndroidManifest.xml:17:25-66
24
25                <category android:name="android.intent.category.LAUNCHER" />
25-->src\main\AndroidManifest.xml:19:17-77
25-->src\main\AndroidManifest.xml:19:27-74
26            </intent-filter>
27        </activity>
28        <activity
28-->src\main\AndroidManifest.xml:24:9-29:20
29            android:name="com.example.sapper.MenuActivity"
29-->src\main\AndroidManifest.xml:25:13-41
30            android:label="Second"
30-->src\main\AndroidManifest.xml:27:13-35
31            android:theme="@android:style/Theme.NoTitleBar" >
31-->src\main\AndroidManifest.xml:26:13-60
32        </activity>
33    </application>
34
35</manifest>